c:\users\александр\documents\visual studio 2013\projects\aquaruim_\aquaruim_\debug\vc120.pdb
c:\users\александр\documents\visual studio 2013\projects\aquaruim_\aquaruim_\debug\vc120.idb
c:\users\александр\documents\visual studio 2013\projects\aquaruim_\aquaruim_\debug\main.obj
c:\users\александр\documents\visual studio 2013\projects\aquaruim_\aquaruim_\debug\main_play.obj
c:\users\александр\documents\visual studio 2013\projects\aquaruim_\aquaruim_\debug\main_watch.obj
c:\users\александр\documents\visual studio 2013\projects\aquaruim_\aquaruim_\debug\aquarium.obj
c:\users\александр\documents\visual studio 2013\projects\2 курс\aquaruim_\aquaruim_\debug\vc120.pdb
c:\users\александр\documents\visual studio 2013\projects\2 курс\aquaruim_\aquaruim_\debug\vc120.idb
c:\users\александр\documents\visual studio 2013\projects\aquaruim_\debug\aquaruim_.ilk
c:\users\александр\documents\visual studio 2013\projects\aquaruim_\debug\aquaruim_.exe
c:\users\александр\documents\visual studio 2013\projects\aquaruim_\debug\aquaruim_.pdb
c:\users\александр\documents\visual studio 2013\projects\2 курс\aquaruim_\aquaruim_\debug\main.obj
c:\users\александр\documents\visual studio 2013\projects\2 курс\aquaruim_\aquaruim_\debug\main_play.obj
c:\users\александр\documents\visual studio 2013\projects\2 курс\aquaruim_\aquaruim_\debug\main_watch.obj
c:\users\александр\documents\visual studio 2013\projects\2 курс\aquaruim_\debug\aquaruim_.pdb
c:\users\александр\documents\visual studio 2013\projects\2 курс\aquaruim_\debug\aquaruim_.exe
c:\users\александр\documents\visual studio 2013\projects\2 курс\aquaruim_\debug\aquaruim_.ilk
c:\users\александр\documents\visual studio 2013\projects\2 курс\aquaruim_\aquaruim_\debug\aquaruim_.tlog\cl.command.1.tlog
c:\users\александр\documents\visual studio 2013\projects\2 курс\aquaruim_\aquaruim_\debug\aquaruim_.tlog\cl.read.1.tlog
c:\users\александр\documents\visual studio 2013\projects\2 курс\aquaruim_\aquaruim_\debug\aquaruim_.tlog\cl.write.1.tlog
c:\users\александр\documents\visual studio 2013\projects\2 курс\aquaruim_\aquaruim_\debug\aquaruim_.tlog\link.command.1.tlog
c:\users\александр\documents\visual studio 2013\projects\2 курс\aquaruim_\aquaruim_\debug\aquaruim_.tlog\link.read.1.tlog
c:\users\александр\documents\visual studio 2013\projects\2 курс\aquaruim_\aquaruim_\debug\aquaruim_.tlog\link.write.1.tlog
